<?xml version="1.0" encoding="UTF-8"?>
<testsuite name="org.photonvision.PhotonUtilTest" tests="3" skipped="0" failures="0" errors="0" timestamp="2023-02-05T20:54:18" hostname="DESKTOP-G1E6HPG" time="0.01">
  <properties/>
  <testcase name="testAprilTagUtils()" classname="org.photonvision.PhotonUtilTest" time="0.006"/>
  <testcase name="testDistance()" classname="org.photonvision.PhotonUtilTest" time="0.001"/>
  <testcase name="testTransform()" classname="org.photonvision.PhotonUtilTest" time="0.001"/>
  <system-out><![CDATA[]]></system-out>
  <system-err><![CDATA[]]></system-err>
</testsuite>
