<?xml version="1.0" encoding="UTF-8"?>
<testsuite name="org.photonvision.PhotonVersionTest" tests="1" skipped="0" failures="0" errors="0" timestamp="2023-02-05T20:54:18" hostname="DESKTOP-G1E6HPG" time="0.003">
  <properties/>
  <testcase name="testVersion()" classname="org.photonvision.PhotonVersionTest" time="0.003"/>
  <system-out><![CDATA[]]></system-out>
  <system-err><![CDATA[]]></system-err>
</testsuite>
